=== node + npm versions ===
v20.20.2
10.8.2

=== npm install ===

added 503 packages in 5s
[install] exit=0
=== npm run scrape:fab ===

> dubaipoints@0.1.0 scrape:fab
> tsx scripts/scrape/fab.ts

[fab] Scraping 4 card(s)
[fab] Fetching https://www.bankfab.com/en-ae/personal/credit-cards/cashback-credit-card
[fab] Fetching https://apply.bankfab.com/-/media/fabgroup/home/personal/key-facts-statements/fab-consolidated-credit-cards.pdf
[fab] Fetching https://www.bankfab.com/en-ae/personal/credit-cards/etihad-guest-infinite
[fab] Fetching https://apply.bankfab.com/-/media/fabgroup/home/personal/key-facts-statements/fab-consolidated-credit-cards.pdf
[fab] Fetching https://www.bankfab.com/en-ae/personal/credit-cards/fab-elite-credit-card
[fab] Fetching https://apply.bankfab.com/-/media/fabgroup/home/personal/key-facts-statements/fab-consolidated-credit-cards.pdf
[fab] Fetching https://www.bankfab.com/en-ae/personal/credit-cards/fab-world-elite
[fab] Fetching https://apply.bankfab.com/-/media/fabgroup/home/personal/key-facts-statements/fab-consolidated-credit-cards.pdf
[fab] Wrote data/scraped/fab/2026-07-02T12-24-33-764Z.json
[fab] 4 card(s) had parsing warnings:
[fab]   fab-cashback: Multi-tier SOF page — annualFee not auto-extracted; needs editor confirmation; Multi-tier SOF page — fxFee not auto-extracted; needs editor confirmation
[fab]   fab-etihad-guest-infinite: Multi-tier SOF page — annualFee not auto-extracted; needs editor confirmation; Multi-tier SOF page — fxFee not auto-extracted; needs editor confirmation
[fab]   fab-elite: Multi-tier SOF page — annualFee not auto-extracted; needs editor confirmation; Multi-tier SOF page — fxFee not auto-extracted; needs editor confirmation; No earn-rate categories detected — base rate defaulted to 1
[fab]   fab-world-elite: Multi-tier SOF page — annualFee not auto-extracted; needs editor confirmation; Multi-tier SOF page — fxFee not auto-extracted; needs editor confirmation; Could not parse minimum salary
[fab] exit=0

=== npm run scrape:enbd ===

> dubaipoints@0.1.0 scrape:enbd
> tsx scripts/scrape/enbd.ts

[enbd] Scraping 28 card(s)
[enbd] Fetching https://www.emiratesnbd.com/en/cards/credit-cards/skywards-infinite-credit-card
[enbd] Fetching https://www.emiratesnbd.com/en/cards/credit-cards/skywards-signature-credit-card
[enbd] Fetching https://www.emiratesnbd.com/en/cards/credit-cards/darna-visa-infinite-credit-card
[enbd] Fetching https://www.emiratesnbd.com/en/cards/credit-cards/darna-visa-signature-credit-card
[enbd] Fetching https://www.emiratesnbd.com/en/cards/credit-cards/darna-select-visa-credit-card
[enbd] Fetching https://www.emiratesnbd.com/en/cards/credit-cards/priority-banking-visa-infinite-credit-card
[enbd] Fetching https://www.emiratesnbd.com/en/cards/credit-cards/visa-infinite-credit-card
[enbd] Fetching https://www.emiratesnbd.com/en/cards/credit-cards/visa-flexi-credit-card
[enbd] Fetching https://www.emiratesnbd.com/en/cards/credit-cards/mastercard-platinum-credit-card
[enbd] Fetching https://www.emiratesnbd.com/en/cards/credit-cards/duo-credit-cards
[enbd] Fetching https://www.emiratesnbd.com/en/cards/credit-cards/go4it-platinum-credit-card
[enbd] Fetching https://www.emiratesnbd.com/en/cards/credit-cards/go4it-gold-credit-card
[enbd] Fetching https://www.emiratesnbd.com/en/cards/credit-cards/visa-platinum-credit-card
[enbd] Fetching https://www.emiratesnbd.com/en/cards/credit-cards/diners-club-credit-card
[enbd] Fetching https://www.emiratesnbd.com/en/cards/credit-cards/webshopper-credit-card
[enbd] Fetching https://www.emiratesnbd.com/en/cards/credit-cards/dnata-world-credit-card
[enbd] Fetching https://www.emiratesnbd.com/en/cards/credit-cards/dnata-platinum-credit-card
[enbd] Fetching https://www.emiratesnbd.com/en/cards/credit-cards/etihad-guest-visa-elevate
[enbd] Fetching https://www.emiratesnbd.com/en/cards/credit-cards/etihad-guest-visa-inspire
[enbd] Fetching https://www.emiratesnbd.com/en/cards/credit-cards/manchester-united-credit-card
[enbd] Fetching https://www.emiratesnbd.com/en/cards/credit-cards/lulu-247-platinum-credit-card
[enbd] Fetching https://www.emiratesnbd.com/en/cards/credit-cards/lulu-247-titanium-credit-card
[enbd] Fetching https://www.emiratesnbd.com/en/cards/credit-cards/marriott-bonvoy-world-elite-mastercard-credit-card
[enbd] Fetching https://www.emiratesnbd.com/en/cards/credit-cards/marriott-bonvoy-world-mastercard
[enbd] Fetching https://www.emiratesnbd.com/en/cards/credit-cards/u-by-emaar-infinite-credit-card
[enbd] Fetching https://www.emiratesnbd.com/en/cards/credit-cards/u-by-emaar-infinite-credit-card-for-emiratis
[enbd] Fetching https://www.emiratesnbd.com/en/cards/credit-cards/u-by-emaar-family-credit-card
[enbd] Fetching https://www.emiratesnbd.com/en/cards/credit-cards/noon-one-visa-credit-card
[enbd] Wrote data/scraped/enbd/2026-07-02T12-24-48-171Z.json
[enbd] 28 card(s) had parsing warnings:
[enbd]   emirates-nbd-skywards-infinite: Could not parse annual fee; Could not parse FX fee
[enbd]   emirates-nbd-skywards-signature: Could not parse annual fee; Could not parse FX fee; No earn-rate categories detected — base rate defaulted to 1; Welcome bonus copy detected but could not be parsed into the typed shape — fell back to free-text
[enbd]   emirates-nbd-darna-visa-infinite: Could not parse FX fee; No earn-rate categories detected — base rate defaulted to 1; Welcome bonus copy detected but could not be parsed into the typed shape — fell back to free-text
[enbd]   emirates-nbd-darna-visa-signature: Could not parse annual fee; Could not parse FX fee; No earn-rate categories detected — base rate defaulted to 1; Welcome bonus copy detected but could not be parsed into the typed shape — fell back to free-text
[enbd]   emirates-nbd-darna-select-visa: Could not parse annual fee; Could not parse FX fee; No earn-rate categories detected — base rate defaulted to 1
[enbd]   emirates-nbd-priority-banking-visa-infinite: Could not parse FX fee; Could not parse minimum salary; No earn-rate categories detected — base rate defaulted to 1
[enbd]   emirates-nbd-visa-infinite: Could not parse annual fee; Could not parse FX fee
[enbd]   emirates-nbd-visa-flexi: Could not parse annual fee; Could not parse FX fee
[enbd]   emirates-nbd-mastercard-platinum: Could not parse annual fee; Could not parse FX fee
[enbd]   emirates-nbd-duo: Could not parse annual fee; Could not parse FX fee; No earn-rate categories detected — base rate defaulted to 1
[enbd]   emirates-nbd-go4it-platinum: Could not parse annual fee; Could not parse FX fee
[enbd]   emirates-nbd-go4it-gold: Could not parse annual fee; Could not parse FX fee; No earn-rate categories detected — base rate defaulted to 1
[enbd]   emirates-nbd-visa-platinum: Could not parse annual fee; Could not parse FX fee
[enbd]   emirates-nbd-diners-club: Could not parse annual fee; Could not parse FX fee
[enbd]   emirates-nbd-webshopper: Could not parse annual fee; Could not parse FX fee; No earn-rate categories detected — base rate defaulted to 1
[enbd]   emirates-nbd-dnata-world: Could not parse FX fee; No earn-rate categories detected — base rate defaulted to 1
[enbd]   emirates-nbd-dnata-platinum: Could not parse annual fee; Could not parse FX fee
[enbd]   emirates-nbd-etihad-guest-elevate: Could not parse annual fee; Could not parse FX fee; No earn-rate categories detected — base rate defaulted to 1
[enbd]   emirates-nbd-etihad-guest-inspire: Could not parse annual fee; Could not parse FX fee; No earn-rate categories detected — base rate defaulted to 1
[enbd]   emirates-nbd-manchester-united: Could not parse annual fee; Could not parse FX fee
[enbd]   emirates-nbd-lulu-247-platinum: Could not parse FX fee; Welcome bonus copy detected but could not be parsed into the typed shape — fell back to free-text
[enbd]   emirates-nbd-lulu-247-titanium: Could not parse annual fee; Could not parse FX fee
[enbd]   emirates-nbd-marriott-bonvoy-world-elite: Could not parse annual fee; Could not parse FX fee; Welcome bonus copy detected but could not be parsed into the typed shape — fell back to free-text
[enbd]   emirates-nbd-marriott-bonvoy-world: Could not parse FX fee; Welcome bonus copy detected but could not be parsed into the typed shape — fell back to free-text
[enbd]   emirates-nbd-u-by-emaar-infinite: Could not parse annual fee; Could not parse FX fee; No earn-rate categories detected — base rate defaulted to 1; Welcome bonus copy detected but could not be parsed into the typed shape — fell back to free-text
[enbd]   emirates-nbd-u-by-emaar-infinite-emiratis: Could not parse annual fee; Could not parse FX fee; No earn-rate categories detected — base rate defaulted to 1
[enbd]   emirates-nbd-u-by-emaar-family: Could not parse annual fee; Could not parse FX fee; Welcome bonus copy detected but could not be parsed into the typed shape — fell back to free-text
[enbd]   emirates-nbd-noon-one: Could not parse annual fee; Could not parse FX fee; No earn-rate categories detected — base rate defaulted to 1; Welcome bonus copy detected but could not be parsed into the typed shape — fell back to free-text
[enbd] exit=0

=== npm run scrape:adcb ===

> dubaipoints@0.1.0 scrape:adcb
> tsx scripts/scrape/adcb.ts

[adcb] Scraping 11 card(s)
[adcb] Fetching https://www.adcb.com/en/personal/cards/credit-cards/shukran-credit-card
[adcb] Fetching https://www.adcb.com/en/multimedia/sof/cb-sof-current-charges-fees.pdf
[adcb] Fetching https://www.adcb.com/en/personal/cards/credit-cards/traveller-credit-card.aspx
[adcb] Fetching https://www.adcb.com/en/multimedia/sof/cb-sof-current-charges-fees.pdf
[adcb] Fetching https://www.adcb.com/en/personal/cards/credit-cards/365-cashback-card.aspx
[adcb] Fetching https://www.adcb.com/en/multimedia/sof/cb-sof-current-charges-fees.pdf
[adcb] Fetching https://www.adcb.com/en/personal/cards/credit-cards/talabat-credit-card.aspx
[adcb] Fetching https://www.adcb.com/en/multimedia/sof/cb-sof-current-charges-fees.pdf
[adcb] Fetching https://www.adcb.com/en/personal/cards/credit-cards/betaqti-credit-card.aspx
[adcb] Fetching https://www.adcb.com/en/multimedia/sof/cb-sof-current-charges-fees.pdf
[adcb] Fetching https://www.adcb.com/en/personal/cards/credit-cards/adcb-lulu-credit-card.aspx
[adcb] Fetching https://www.adcb.com/en/multimedia/sof/cb-sof-current-charges-fees.pdf
[adcb] Fetching https://www.adcb.com/en/personal/cards/credit-cards/adcb-lulu-titanium-gold-credit-card.aspx
[adcb] Fetching https://www.adcb.com/en/multimedia/sof/cb-sof-current-charges-fees.pdf
[adcb] Fetching https://www.adcb.com/en/personal/cards/credit-cards/touchpoint-ic.aspx
[adcb] Fetching https://www.adcb.com/en/multimedia/sof/cb-sof-current-charges-fees.pdf
[adcb] Fetching https://www.adcb.com/en/personal/cards/credit-cards/touchpoint-platinum-cc.aspx
[adcb] Fetching https://www.adcb.com/en/multimedia/sof/cb-sof-current-charges-fees.pdf
[adcb] Fetching https://www.adcb.com/en/personal/cards/credit-cards/touchpoint-tg-cc.aspx
[adcb] Fetching https://www.adcb.com/en/multimedia/sof/cb-sof-current-charges-fees.pdf
[adcb] Fetching https://www.adcb.com/en/personal/cards/credit-cards/essential-cashback-credit-card.aspx
[adcb] Fetching https://www.adcb.com/en/multimedia/sof/cb-sof-current-charges-fees.pdf
[adcb] Wrote data/scraped/adcb/2026-07-02T12-24-56-537Z.json
[adcb] 11 card(s) had parsing warnings:
[adcb]   adcb-shukran: Multi-tier SOF page — annualFee not auto-extracted; needs editor confirmation; Multi-tier SOF page — fxFee not auto-extracted; needs editor confirmation; No earn-rate categories detected — base rate defaulted to 1; Welcome bonus copy detected but could not be parsed into the typed shape — fell back to free-text
[adcb]   adcb-traveller: Multi-tier SOF page — annualFee not auto-extracted; needs editor confirmation; Multi-tier SOF page — fxFee not auto-extracted; needs editor confirmation
[adcb]   adcb-365-cashback: Multi-tier SOF page — annualFee not auto-extracted; needs editor confirmation; Multi-tier SOF page — fxFee not auto-extracted; needs editor confirmation; Welcome bonus copy detected but could not be parsed into the typed shape — fell back to free-text
[adcb]   adcb-talabat: Multi-tier SOF page — annualFee not auto-extracted; needs editor confirmation; Multi-tier SOF page — fxFee not auto-extracted; needs editor confirmation; No earn-rate categories detected — base rate defaulted to 1; Welcome bonus copy detected but could not be parsed into the typed shape — fell back to free-text
[adcb]   adcb-betaqti: Multi-tier SOF page — annualFee not auto-extracted; needs editor confirmation; Multi-tier SOF page — fxFee not auto-extracted; needs editor confirmation; No earn-rate categories detected — base rate defaulted to 1; Welcome bonus copy detected but could not be parsed into the typed shape — fell back to free-text
[adcb]   adcb-lulu-platinum: Multi-tier SOF page — annualFee not auto-extracted; needs editor confirmation; Multi-tier SOF page — fxFee not auto-extracted; needs editor confirmation
[adcb]   adcb-lulu-titanium-gold: Multi-tier SOF page — annualFee not auto-extracted; needs editor confirmation; Multi-tier SOF page — fxFee not auto-extracted; needs editor confirmation; Welcome bonus copy detected but could not be parsed into the typed shape — fell back to free-text
[adcb]   adcb-touchpoints-infinite: Multi-tier SOF page — annualFee not auto-extracted; needs editor confirmation; Multi-tier SOF page — fxFee not auto-extracted; needs editor confirmation
[adcb]   adcb-touchpoints-platinum: Multi-tier SOF page — annualFee not auto-extracted; needs editor confirmation; Multi-tier SOF page — fxFee not auto-extracted; needs editor confirmation
[adcb]   adcb-touchpoints-titanium-gold: Multi-tier SOF page — annualFee not auto-extracted; needs editor confirmation; Multi-tier SOF page — fxFee not auto-extracted; needs editor confirmation
[adcb]   adcb-essential-cashback: Multi-tier SOF page — annualFee not auto-extracted; needs editor confirmation; Multi-tier SOF page — fxFee not auto-extracted; needs editor confirmation; No earn-rate categories detected — base rate defaulted to 1; Welcome bonus copy detected but could not be parsed into the typed shape — fell back to free-text
[adcb] exit=0

=== npm run scrape:mashreq ===

> dubaipoints@0.1.0 scrape:mashreq
> tsx scripts/scrape/mashreq.ts

[mashreq] Scraping 1 card(s)
[mashreq] Fetching https://www.mashreq.com/en/uae/neo/cards/credit-cards/cashback-credit-card/
[mashreq] Fetching https://www.mashreq.com/-/jssmedia/pdfs/neo/cards/KFS-TnC/Mashreq-Cards-KFS-Final-EngArb.ashx
[mashreq] Wrote data/scraped/mashreq/2026-07-02T12-25-03-496Z.json
[mashreq] 1 card(s) had parsing warnings:
[mashreq]   mashreq-cashback: Could not parse minimum salary
[mashreq] exit=0

=== npm run scrape:hsbc ===

> dubaipoints@0.1.0 scrape:hsbc
> tsx scripts/scrape/hsbc.ts

[hsbc] Scraping 1 card(s)
[hsbc] Fetching https://www.hsbc.ae/credit-cards/compare/live-plus-credit-card
[hsbc] Fetching https://www.hsbc.ae/credit-cards/credit-card-charges-and-how-to-avoid-them/
[hsbc] Wrote data/scraped/hsbc/2026-07-02T12-25-04-858Z.json
[hsbc] 1 card(s) had parsing warnings:
[hsbc]   hsbc-live-plus: Could not parse FX fee; Could not parse minimum salary
[hsbc] exit=0

=== npm run scrape:rakbank ===

> dubaipoints@0.1.0 scrape:rakbank
> tsx scripts/scrape/rakbank.ts

[rakbank] Scraping 1 card(s)
[rakbank] Fetching https://www.rakbank.ae/en/cards/credit-cards/world-credit-card
[rakbank] Fetching https://www.rakbank.ae/globalassets/rakbank/all-pdfs/001---service-and-price-guides/bilingual/012-j00686-sp-consumercreditcard.pdf
[rakbank] Wrote data/scraped/rakbank/2026-07-02T12-25-06-299Z.json
[rakbank] 1 card(s) had parsing warnings:
[rakbank]   rakbank-world: Could not parse FX fee
[rakbank] exit=0

=== npm run scrape:cbd ===

> dubaipoints@0.1.0 scrape:cbd
> tsx scripts/scrape/cbd.ts

[cbd] Scraping 1 card(s)
[cbd] Fetching https://www.cbd.ae/personal/cards/credit-cards/cbd-one
[cbd] Fetching https://www.cbd.ae/docs/default-source/document/cards/cbd-kfs-conventional_cbd-one-cc.pdf
[cbd] Wrote data/scraped/cbd/2026-07-02T12-25-10-707Z.json
[cbd] 1 card(s) had parsing warnings:
[cbd]   cbd-one: Welcome bonus copy detected but could not be parsed into the typed shape — fell back to free-text
[cbd] exit=0

=== npm run scrape:propose ===

> dubaipoints@0.1.0 scrape:propose
> tsx scripts/scrape/propose-changes.ts

[propose] Wrote PR_BODY.md: 0 new, 38 changed, 122 warning(s)

=== git status src/data/cards.json ===
 M src/data/cards.json

